<?xml version="1.0" encoding="UTF-8"?>
<!-- Generated by org.testng.reporters.JUnitXMLReporter -->
<testsuite ignored="0" hostname="DESKTOP-OFA3VR4" failures="0" tests="1" name="Default test" time="5.191" errors="0" timestamp="2025-10-22T12:19:18 IST">
  <testcase classname="com.tests.LoginTest" name="@BeforeClass setup" time="5.085">
    <failure type="com.microsoft.playwright.PlaywrightException" message="Error {
  message=&amp;apos;net::ERR_NAME_NOT_RESOLVED at https://your-login-url.com/
  name=&amp;apos;Error
  stack=&amp;apos;Error: net::ERR_NAME_NOT_RESOLVED at https://your-login-url.com/
    at FrameSession._navigate (C:\Users\Dell\AppData\Local\Temp\playwright-java-4310039858220152619\package\lib\server\chromium\crPage.js:489:13)
    at async Frame.gotoImpl (C:\Users\Dell\AppData\Local\Temp\playwright-java-4310039858220152619\package\lib\server\frames.js:514:28)
}
Call log:
-   - navigating to &amp;quot;https://your-login-url.com/&amp;quot;, waiting until &amp;quot;load&amp;quot;
">
      <![CDATA[com.microsoft.playwright.PlaywrightException: Error {
  message='net::ERR_NAME_NOT_RESOLVED at https://your-login-url.com/
  name='Error
  stack='Error: net::ERR_NAME_NOT_RESOLVED at https://your-login-url.com/
    at FrameSession._navigate (C:\Users\Dell\AppData\Local\Temp\playwright-java-4310039858220152619\package\lib\server\chromium\crPage.js:489:13)
    at async Frame.gotoImpl (C:\Users\Dell\AppData\Local\Temp\playwright-java-4310039858220152619\package\lib\server\frames.js:514:28)
}
Call log:
-   - navigating to "https://your-login-url.com/", waiting until "load"

at com.microsoft.playwright.impl.WaitableResult.get(WaitableResult.java:56)
at com.microsoft.playwright.impl.ChannelOwner.runUntil(ChannelOwner.java:138)
at com.microsoft.playwright.impl.Connection.sendMessage(Connection.java:131)
at com.microsoft.playwright.impl.ChannelOwner.sendMessage(ChannelOwner.java:124)
at com.microsoft.playwright.impl.FrameImpl.navigateImpl(FrameImpl.java:419)
at com.microsoft.playwright.impl.PageImpl.navigate(PageImpl.java:918)
at com.microsoft.playwright.impl.PageImpl.navigate(PageImpl.java:42)
at com.microsoft.playwright.Page.navigate(Page.java:5491)
at com.tests.LoginTest.setup(LoginTest.java:20)
at java.base/jdk.internal.reflect.DirectMethodHandleAccessor.invoke(DirectMethodHandleAccessor.java:103)
at java.base/java.lang.reflect.Method.invoke(Method.java:580)
at org.testng.internal.invokers.MethodInvocationHelper.invokeMethod(MethodInvocationHelper.java:141)
at org.testng.internal.invokers.MethodInvocationHelper.invokeMethodConsideringTimeout(MethodInvocationHelper.java:71)
at org.testng.internal.invokers.ConfigInvoker.invokeConfigurationMethod(ConfigInvoker.java:400)
at org.testng.internal.invokers.ConfigInvoker.invokeConfigurations(ConfigInvoker.java:333)
at org.testng.internal.invokers.TestMethodWorker.invokeBeforeClassMethods(TestMethodWorker.java:188)
at org.testng.internal.invokers.TestMethodWorker.run(TestMethodWorker.java:128)
at java.base/java.util.ArrayList.forEach(ArrayList.java:1596)
at org.testng.TestRunner.privateRun(TestRunner.java:741)
at org.testng.TestRunner.run(TestRunner.java:616)
at org.testng.SuiteRunner.runTest(SuiteRunner.java:421)
at org.testng.SuiteRunner.runSequentially(SuiteRunner.java:413)
at org.testng.SuiteRunner.privateRun(SuiteRunner.java:373)
at org.testng.SuiteRunner.run(SuiteRunner.java:312)
at org.testng.SuiteRunnerWorker.runSuite(SuiteRunnerWorker.java:52)
at org.testng.SuiteRunnerWorker.run(SuiteRunnerWorker.java:95)
at org.testng.TestNG.runSuitesSequentially(TestNG.java:1274)
at org.testng.TestNG.runSuitesLocally(TestNG.java:1208)
at org.testng.TestNG.runSuites(TestNG.java:1112)
at org.testng.TestNG.run(TestNG.java:1079)
at org.testng.remote.AbstractRemoteTestNG.run(AbstractRemoteTestNG.java:115)
at org.testng.remote.RemoteTestNG.initAndRun(RemoteTestNG.java:293)
at org.testng.remote.RemoteTestNG.main(RemoteTestNG.java:91)
Caused by: com.microsoft.playwright.impl.DriverException: Error {
  message='net::ERR_NAME_NOT_RESOLVED at https://your-login-url.com/
  name='Error
  stack='Error: net::ERR_NAME_NOT_RESOLVED at https://your-login-url.com/
    at FrameSession._navigate (C:\Users\Dell\AppData\Local\Temp\playwright-java-4310039858220152619\package\lib\server\chromium\crPage.js:489:13)
    at async Frame.gotoImpl (C:\Users\Dell\AppData\Local\Temp\playwright-java-4310039858220152619\package\lib\server\frames.js:514:28)
}
Call log:
-   - navigating to "https://your-login-url.com/", waiting until "load"

at com.microsoft.playwright.impl.Connection.dispatch(Connection.java:262)
at com.microsoft.playwright.impl.Connection.processOneMessage(Connection.java:214)
at com.microsoft.playwright.impl.ChannelOwner.runUntil(ChannelOwner.java:136)
... 31 more
]]>
    </failure>
  </testcase> <!-- @BeforeClass setup -->
  <testcase classname="com.tests.LoginTest" name="@AfterClass teardown" time="0.0">
    <skipped/>
  </testcase> <!-- @AfterClass teardown -->
  <testcase classname="com.tests.LoginTest" name="testValidLogin" time="0.001">
    <skipped/>
  </testcase> <!-- testValidLogin -->
</testsuite> <!-- Default test -->
