<?xml version="1.0" encoding="UTF-8"?>
<!-- Generated by org.testng.reporters.JUnitXMLReporter -->
<testsuite ignored="0" hostname="DESKTOP-OFA3VR4" failures="0" tests="1" name="Test" time="35.617" errors="0" timestamp="2025-10-23T10:21:39 IST">
  <testcase classname="com.utilities.TestBase" name="@BeforeMethod setUp" time="34.789">
    <failure type="com.microsoft.playwright.TimeoutError" message="Error {
  message=&amp;apos;Timeout 30000ms exceeded.
  name=&amp;apos;TimeoutError
  stack=&amp;apos;TimeoutError: Timeout 30000ms exceeded.
    at ProgressController.run (C:\Users\Dell\AppData\Local\Temp\playwright-java-4510973131940198011\package\lib\server\progress.js:65:26)
    at FrameDispatcher._runCommand (C:\Users\Dell\AppData\Local\Temp\playwright-java-4510973131940198011\package\lib\server\dispatchers\dispatcher.js:91:31)
    at DispatcherConnection.dispatch (C:\Users\Dell\AppData\Local\Temp\playwright-java-4510973131940198011\package\lib\server\dispatchers\dispatcher.js:322:39)
}
Call log:
-   - navigating to &amp;quot;https://opensource-demo.orangehrmlive.com/web/index.php/auth/login&amp;quot;, waiting until &amp;quot;load&amp;quot;
">
      <![CDATA[com.microsoft.playwright.TimeoutError: Error {
  message='Timeout 30000ms exceeded.
  name='TimeoutError
  stack='TimeoutError: Timeout 30000ms exceeded.
    at ProgressController.run (C:\Users\Dell\AppData\Local\Temp\playwright-java-4510973131940198011\package\lib\server\progress.js:65:26)
    at FrameDispatcher._runCommand (C:\Users\Dell\AppData\Local\Temp\playwright-java-4510973131940198011\package\lib\server\dispatchers\dispatcher.js:91:31)
    at DispatcherConnection.dispatch (C:\Users\Dell\AppData\Local\Temp\playwright-java-4510973131940198011\package\lib\server\dispatchers\dispatcher.js:322:39)
}
Call log:
-   - navigating to "https://opensource-demo.orangehrmlive.com/web/index.php/auth/login", waiting until "load"

at com.microsoft.playwright.impl.WaitableResult.get(WaitableResult.java:52)
at com.microsoft.playwright.impl.ChannelOwner.runUntil(ChannelOwner.java:138)
at com.microsoft.playwright.impl.Connection.sendMessage(Connection.java:131)
at com.microsoft.playwright.impl.ChannelOwner.sendMessage(ChannelOwner.java:124)
at com.microsoft.playwright.impl.FrameImpl.navigateImpl(FrameImpl.java:419)
at com.microsoft.playwright.impl.PageImpl.navigate(PageImpl.java:918)
at com.microsoft.playwright.impl.PageImpl.navigate(PageImpl.java:42)
at com.microsoft.playwright.Page.navigate(Page.java:5491)
at com.utilities.TestBase.setUp(TestBase.java:41)
at java.base/java.util.ArrayList.forEach(ArrayList.java:1596)
Caused by: com.microsoft.playwright.TimeoutError: Error {
  message='Timeout 30000ms exceeded.
  name='TimeoutError
  stack='TimeoutError: Timeout 30000ms exceeded.
    at ProgressController.run (C:\Users\Dell\AppData\Local\Temp\playwright-java-4510973131940198011\package\lib\server\progress.js:65:26)
    at FrameDispatcher._runCommand (C:\Users\Dell\AppData\Local\Temp\playwright-java-4510973131940198011\package\lib\server\dispatchers\dispatcher.js:91:31)
    at DispatcherConnection.dispatch (C:\Users\Dell\AppData\Local\Temp\playwright-java-4510973131940198011\package\lib\server\dispatchers\dispatcher.js:322:39)
}
Call log:
-   - navigating to "https://opensource-demo.orangehrmlive.com/web/index.php/auth/login", waiting until "load"

at com.microsoft.playwright.impl.Connection.dispatch(Connection.java:257)
at com.microsoft.playwright.impl.Connection.processOneMessage(Connection.java:214)
at com.microsoft.playwright.impl.ChannelOwner.runUntil(ChannelOwner.java:136)
... 37 more
... Removed 29 stack frames]]>
    </failure>
  </testcase> <!-- @BeforeMethod setUp -->
  <testcase classname="com.utilities.TestBase" name="@AfterMethod tearDown" time="0.0">
    <skipped/>
  </testcase> <!-- @AfterMethod tearDown -->
  <testcase classname="com.tests.LoginTest" name="testSuccessfulLogin" time="0.0">
    <skipped/>
  </testcase> <!-- testSuccessfulLogin -->
</testsuite> <!-- Test -->
