<?xml version="1.0" encoding="UTF-8"?>
<testng-results ignored="0" total="1" passed="1" failed="0" skipped="0">
  <reporter-output>
  </reporter-output>
  <suite started-at="2025-10-23T12:55:54 IST" name="Suite" finished-at="2025-10-23T12:56:19 IST" duration-ms="24874">
    <groups>
    </groups>
    <test started-at="2025-10-23T12:55:54 IST" name="LoginTest" finished-at="2025-10-23T12:56:19 IST" duration-ms="24874">
      <class name="com.tests.LoginTest">
        <test-method is-config="true" signature="setUp(java.lang.String)[pri:0, instance:com.tests.LoginTest@178213b]" started-at="2025-10-23T12:55:54 IST" name="setUp" finished-at="2025-10-23T12:56:01 IST" duration-ms="6516" status="PASS">
          <params>
            <param index="0">
              <value>
                <![CDATA[chromium]]>
              </value>
            </param>
          </params>
          <reporter-output>
          </reporter-output>
        </test-method> <!-- setUp -->
        <test-method signature="testSuccessfulLogin()[pri:0, instance:com.tests.LoginTest@178213b]" started-at="2025-10-23T12:56:01 IST" name="testSuccessfulLogin" finished-at="2025-10-23T12:56:19 IST" duration-ms="18068" status="PASS">
          <reporter-output>
          </reporter-output>
        </test-method> <!-- testSuccessfulLogin -->
        <test-method is-config="true" signature="tearDown()[pri:0, instance:com.tests.LoginTest@178213b]" started-at="2025-10-23T12:56:19 IST" name="tearDown" finished-at="2025-10-23T12:56:19 IST" duration-ms="253" status="PASS">
          <reporter-output>
          </reporter-output>
        </test-method> <!-- tearDown -->
      </class> <!-- com.tests.LoginTest -->
    </test> <!-- LoginTest -->
  </suite> <!-- Suite -->
</testng-results>
